::1 - - [28/Feb/2023:13:07:19 -0600] "GET / HTTP/1.1" 200 46
::1 - - [28/Feb/2023:13:07:20 -0600] "GET /favicon.ico HTTP/1.1" 404 196
::1 - - [28/Feb/2023:13:57:11 -0600] "GET /favicon.ico HTTP/1.1" 404 196
::1 - - [28/Feb/2023:13:57:20 -0600] "GET /index.php HTTP/1.1" 200 -
::1 - - [28/Feb/2023:13:57:40 -0600] "GET /index.php HTTP/1.1" 200 15
::1 - - [28/Feb/2023:14:02:10 -0600] "GET / HTTP/1.1" 200 253
::1 - - [28/Feb/2023:14:02:13 -0600] "GET /index.php HTTP/1.1" 200 15
::1 - - [28/Feb/2023:14:03:34 -0600] "GET / HTTP/1.1" 200 15
::1 - - [28/Feb/2023:14:03:35 -0600] "GET / HTTP/1.1" 200 15
::1 - - [28/Feb/2023:14:04:41 -0600] "GET / HTTP/1.1" 200 71316
::1 - - [28/Feb/2023:14:06:10 -0600] "GET / HTTP/1.1" 200 15
::1 - - [28/Feb/2023:14:06:57 -0600] "GET / HTTP/1.1" 200 287
::1 - - [28/Feb/2023:14:07:06 -0600] "GET / HTTP/1.1" 200 288
::1 - - [28/Feb/2023:14:07:41 -0600] "GET / HTTP/1.1" 200 297
::1 - - [28/Feb/2023:14:09:16 -0600] "GET / HTTP/1.1" 200 143
::1 - - [28/Feb/2023:14:09:29 -0600] "GET / HTTP/1.1" 200 328
::1 - - [28/Feb/2023:14:15:03 -0600] "GET /ejercicio HTTP/1.1" 301 235
::1 - - [28/Feb/2023:14:15:03 -0600] "GET /ejercicio/ HTTP/1.1" 200 497
::1 - - [28/Feb/2023:14:24:27 -0600] "GET /ejercicio/ HTTP/1.1" 200 153
::1 - - [28/Feb/2023:14:26:14 -0600] "GET /ejercicio/ HTTP/1.1" 200 155
::1 - - [28/Feb/2023:14:26:15 -0600] "GET /ejercicio/ HTTP/1.1" 200 155
::1 - - [28/Feb/2023:14:26:31 -0600] "GET /ejercicio/ HTTP/1.1" 200 153
::1 - - [28/Feb/2023:14:26:32 -0600] "GET /ejercicio/ HTTP/1.1" 200 153
::1 - - [28/Feb/2023:14:26:56 -0600] "GET /ejercicio/ HTTP/1.1" 200 784
::1 - - [28/Feb/2023:14:27:23 -0600] "GET /ejercicio/ HTTP/1.1" 200 757
::1 - - [28/Feb/2023:14:27:56 -0600] "GET /ejercicio/ HTTP/1.1" 200 757
::1 - - [28/Feb/2023:14:27:57 -0600] "GET /ejercicio/ HTTP/1.1" 200 757
::1 - - [28/Feb/2023:14:27:57 -0600] "GET /ejercicio/ HTTP/1.1" 200 757
::1 - - [28/Feb/2023:14:28:45 -0600] "POST /ejercicio/v HTTP/1.1" 404 196
::1 - - [28/Feb/2023:14:29:32 -0600] "GET /ejercicio/ HTTP/1.1" 200 766
::1 - - [07/Mar/2023:08:59:32 -0600] "GET / HTTP/1.1" 200 328
::1 - - [07/Mar/2023:08:59:32 -0600] "GET /favicon.ico HTTP/1.1" 404 196
::1 - - [07/Mar/2023:08:59:45 -0600] "GET /index.php HTTP/1.1" 200 328
::1 - - [07/Mar/2023:08:59:58 -0600] "GET /ejercicio/index.php HTTP/1.1" 200 598
::1 - - [07/Mar/2023:09:00:03 -0600] "POST /ejercicio/index.php HTTP/1.1" 200 595
::1 - - [07/Mar/2023:09:00:05 -0600] "POST /ejercicio/index.php HTTP/1.1" 200 604
::1 - - [07/Mar/2023:09:32:57 -0600] "GET /introphp/operaciones.php HTTP/1.1" 200 278
::1 - - [07/Mar/2023:09:33:12 -0600] "GET /introphp/operaciones.php HTTP/1.1" 200 2
::1 - - [07/Mar/2023:09:33:12 -0600] "GET /introphp/operaciones.php HTTP/1.1" 200 2
::1 - - [07/Mar/2023:09:33:37 -0600] "GET /introphp/operaciones.php HTTP/1.1" 200 2
::1 - - [07/Mar/2023:09:34:30 -0600] "GET /operaciones.php HTTP/1.1" 200 2
::1 - - [07/Mar/2023:09:34:49 -0600] "GET / HTTP/1.1" 200 328
::1 - - [07/Mar/2023:09:34:54 -0600] "GET /index.php HTTP/1.1" 200 328
::1 - - [07/Mar/2023:09:39:35 -0600] "GET /operaciones.php HTTP/1.1" 200 42
::1 - - [07/Mar/2023:09:39:45 -0600] "GET /operaciones.php HTTP/1.1" 200 45
::1 - - [07/Mar/2023:09:43:40 -0600] "GET /introphp/operaciones.php HTTP/1.1" 200 45
::1 - - [07/Mar/2023:09:48:03 -0600] "GET /introphp/ HTTP/1.1" 200 903
::1 - - [07/Mar/2023:09:48:13 -0600] "POST /introphp/operaciones.php HTTP/1.1" 200 45
::1 - - [07/Mar/2023:09:55:37 -0600] "POST /introphp/operaciones.php HTTP/1.1" 200 200
::1 - - [07/Mar/2023:09:56:48 -0600] "GET /introphp/ HTTP/1.1" 200 903
::1 - - [07/Mar/2023:09:56:57 -0600] "POST /introphp/operaciones.php HTTP/1.1" 200 200
::1 - - [07/Mar/2023:09:59:18 -0600] "POST /introphp/operaciones.php HTTP/1.1" 200 165
::1 - - [07/Mar/2023:09:59:44 -0600] "GET /introphp/ HTTP/1.1" 200 903
::1 - - [07/Mar/2023:09:59:50 -0600] "POST /introphp/operaciones.php HTTP/1.1" 200 358
::1 - - [07/Mar/2023:10:00:32 -0600] "POST /introphp/operaciones.php HTTP/1.1" 200 42
::1 - - [07/Mar/2023:10:23:06 -0600] "GET /introphp/ HTTP/1.1" 200 1182
::1 - - [07/Mar/2023:10:23:31 -0600] "GET /introphp/ HTTP/1.1" 200 1196
::1 - - [07/Mar/2023:10:28:16 -0600] "GET /introphp/ HTTP/1.1" 200 1220
::1 - - [07/Mar/2023:10:28:34 -0600] "GET /introphp/ HTTP/1.1" 200 1225
::1 - - [07/Mar/2023:10:28:42 -0600] "GET /introphp/ HTTP/1.1" 200 1239
::1 - - [07/Mar/2023:10:29:27 -0600] "GET /introphp/ HTTP/1.1" 200 1266
::1 - - [07/Mar/2023:10:29:58 -0600] "GET /introphp/ HTTP/1.1" 200 1265
::1 - - [07/Mar/2023:10:29:59 -0600] "GET /introphp/ HTTP/1.1" 200 1265
::1 - - [07/Mar/2023:10:30:07 -0600] "GET /introphp/ HTTP/1.1" 200 1265
::1 - - [07/Mar/2023:10:30:40 -0600] "GET /introphp/ HTTP/1.1" 200 1269
::1 - - [07/Mar/2023:10:30:41 -0600] "GET /introphp/ HTTP/1.1" 200 1269
::1 - - [07/Mar/2023:10:31:13 -0600] "GET /introphp/ HTTP/1.1" 200 1272
::1 - - [07/Mar/2023:10:32:04 -0600] "GET /introphp/ HTTP/1.1" 200 1273
::1 - - [07/Mar/2023:10:32:05 -0600] "GET /introphp/ HTTP/1.1" 200 1273
::1 - - [07/Mar/2023:10:32:35 -0600] "GET /introphp/ HTTP/1.1" 200 1267
::1 - - [07/Mar/2023:10:32:41 -0600] "GET /introphp/ HTTP/1.1" 200 1267
::1 - - [07/Mar/2023:10:32:42 -0600] "GET /introphp/ HTTP/1.1" 200 1267
::1 - - [07/Mar/2023:10:32:58 -0600] "GET /introphp/ HTTP/1.1" 200 1267
::1 - - [07/Mar/2023:10:33:02 -0600] "GET /introphp/ HTTP/1.1" 200 1267
::1 - - [07/Mar/2023:10:33:07 -0600] "GET /introphp/ HTTP/1.1" 200 1267
