AH00558: httpd.exe: Could not reliably determine the server's fully qualified domain name, using fe80::12c3:c429:7337:90db. Set the 'ServerName' directive globally to suppress this message
[Tue Feb 28 13:07:10.441373 2023] [mpm_winnt:notice] [pid 12104:tid 396] AH00455: Apache/2.4.55 (Win64) configured -- resuming normal operations
[Tue Feb 28 13:07:10.442373 2023] [mpm_winnt:notice] [pid 12104:tid 396] AH00456: Apache Lounge VS17 Server built: Feb  9 2023 09:58:39
[Tue Feb 28 13:07:10.442373 2023] [core:notice] [pid 12104:tid 396] AH00094: Command line: 'C:\\server\\Apache24\\bin\\httpd.exe -d C:/server/Apache24'
[Tue Feb 28 13:07:10.446370 2023] [mpm_winnt:notice] [pid 12104:tid 396] AH00418: Parent: Created child process 5912
AH00558: httpd.exe: Could not reliably determine the server's fully qualified domain name, using fe80::12c3:c429:7337:90db. Set the 'ServerName' directive globally to suppress this message
AH00558: httpd.exe: Could not reliably determine the server's fully qualified domain name, using fe80::12c3:c429:7337:90db. Set the 'ServerName' directive globally to suppress this message
[Tue Feb 28 13:07:10.911707 2023] [mpm_winnt:notice] [pid 5912:tid 476] AH00354: Child: Starting 64 worker threads.
[Tue Feb 28 13:41:36.824361 2023] [mpm_winnt:notice] [pid 12104:tid 396] AH00422: Parent: Received shutdown signal -- Shutting down the server.
[Tue Feb 28 13:41:38.847343 2023] [mpm_winnt:notice] [pid 5912:tid 476] AH00364: Child: All worker threads have exited.
[Tue Feb 28 13:41:38.878942 2023] [mpm_winnt:notice] [pid 12104:tid 396] AH00430: Parent: Child process 5912 exited successfully.
AH00558: httpd.exe: Could not reliably determine the server's fully qualified domain name, using fe80::12c3:c429:7337:90db. Set the 'ServerName' directive globally to suppress this message
[Tue Feb 28 13:56:54.686148 2023] [mpm_winnt:notice] [pid 1656:tid 388] AH00455: Apache/2.4.55 (Win64) PHP/8.2.3 configured -- resuming normal operations
[Tue Feb 28 13:56:54.686148 2023] [mpm_winnt:notice] [pid 1656:tid 388] AH00456: Apache Lounge VS17 Server built: Feb  9 2023 09:58:39
[Tue Feb 28 13:56:54.686148 2023] [core:notice] [pid 1656:tid 388] AH00094: Command line: 'C:\\server\\Apache24\\bin\\httpd.exe -d C:/server/Apache24'
[Tue Feb 28 13:56:54.692217 2023] [mpm_winnt:notice] [pid 1656:tid 388] AH00418: Parent: Created child process 1860
AH00558: httpd.exe: Could not reliably determine the server's fully qualified domain name, using fe80::12c3:c429:7337:90db. Set the 'ServerName' directive globally to suppress this message
AH00558: httpd.exe: Could not reliably determine the server's fully qualified domain name, using fe80::12c3:c429:7337:90db. Set the 'ServerName' directive globally to suppress this message
[Tue Feb 28 13:56:55.186109 2023] [mpm_winnt:notice] [pid 1860:tid 404] AH00354: Child: Starting 64 worker threads.
[Tue Feb 28 14:03:23.239478 2023] [mpm_winnt:notice] [pid 1656:tid 388] AH00422: Parent: Received shutdown signal -- Shutting down the server.
[Tue Feb 28 14:03:25.259379 2023] [mpm_winnt:notice] [pid 1860:tid 404] AH00364: Child: All worker threads have exited.
[Tue Feb 28 14:03:25.289039 2023] [mpm_winnt:notice] [pid 1656:tid 388] AH00430: Parent: Child process 1860 exited successfully.
AH00558: httpd.exe: Could not reliably determine the server's fully qualified domain name, using fe80::12c3:c429:7337:90db. Set the 'ServerName' directive globally to suppress this message
[Tue Feb 28 14:03:28.303468 2023] [mpm_winnt:notice] [pid 12228:tid 392] AH00455: Apache/2.4.55 (Win64) PHP/8.2.3 configured -- resuming normal operations
[Tue Feb 28 14:03:28.303468 2023] [mpm_winnt:notice] [pid 12228:tid 392] AH00456: Apache Lounge VS17 Server built: Feb  9 2023 09:58:39
[Tue Feb 28 14:03:28.303468 2023] [core:notice] [pid 12228:tid 392] AH00094: Command line: 'C:\\server\\Apache24\\bin\\httpd.exe -d C:/server/Apache24'
[Tue Feb 28 14:03:28.306525 2023] [mpm_winnt:notice] [pid 12228:tid 392] AH00418: Parent: Created child process 9032
AH00558: httpd.exe: Could not reliably determine the server's fully qualified domain name, using fe80::12c3:c429:7337:90db. Set the 'ServerName' directive globally to suppress this message
AH00558: httpd.exe: Could not reliably determine the server's fully qualified domain name, using fe80::12c3:c429:7337:90db. Set the 'ServerName' directive globally to suppress this message
[Tue Feb 28 14:03:28.785633 2023] [mpm_winnt:notice] [pid 9032:tid 428] AH00354: Child: Starting 64 worker threads.
[Tue Feb 28 14:09:16.362340 2023] [php:error] [pid 9032:tid 1268] [client ::1:53736] PHP Parse error:  syntax error, unexpected token ":" in C:\\server\\Apache24\\htdocs\\index.php on line 17
[Tue Feb 28 14:24:27.359250 2023] [php:error] [pid 9032:tid 1268] [client ::1:51985] PHP Parse error:  syntax error, unexpected token ";" in C:\\server\\Apache24\\htdocs\\ejercicio\\index.php on line 23
[Tue Feb 28 14:26:14.780527 2023] [php:error] [pid 9032:tid 1268] [client ::1:51993] PHP Parse error:  syntax error, unexpected token "echo" in C:\\server\\Apache24\\htdocs\\ejercicio\\index.php on line 7
[Tue Feb 28 14:26:15.621507 2023] [php:error] [pid 9032:tid 1268] [client ::1:51993] PHP Parse error:  syntax error, unexpected token "echo" in C:\\server\\Apache24\\htdocs\\ejercicio\\index.php on line 7
[Tue Feb 28 14:26:31.986914 2023] [php:error] [pid 9032:tid 1268] [client ::1:51995] PHP Parse error:  syntax error, unexpected token ";" in C:\\server\\Apache24\\htdocs\\ejercicio\\index.php on line 25
[Tue Feb 28 14:26:32.794978 2023] [php:error] [pid 9032:tid 1268] [client ::1:51995] PHP Parse error:  syntax error, unexpected token ";" in C:\\server\\Apache24\\htdocs\\ejercicio\\index.php on line 25
[Tue Feb 28 14:26:56.507367 2023] [php:error] [pid 9032:tid 1268] [client ::1:51998] PHP Fatal error:  Uncaught Error: Undefined constant "SETTINGS" in C:\\server\\Apache24\\htdocs\\ejercicio\\index.php:26\nStack trace:\n#0 {main}\n  thrown in C:\\server\\Apache24\\htdocs\\ejercicio\\index.php on line 26
[Tue Feb 28 14:27:23.763858 2023] [php:error] [pid 9032:tid 1268] [client ::1:52002] PHP Fatal error:  Uncaught Error: Undefined constant "TITLE" in C:\\server\\Apache24\\htdocs\\ejercicio\\index.php:24\nStack trace:\n#0 {main}\n  thrown in C:\\server\\Apache24\\htdocs\\ejercicio\\index.php on line 24
[Tue Feb 28 14:27:56.283961 2023] [php:error] [pid 9032:tid 1268] [client ::1:52004] PHP Fatal error:  Uncaught Error: Undefined constant "TITLE" in C:\\server\\Apache24\\htdocs\\ejercicio\\index.php:24\nStack trace:\n#0 {main}\n  thrown in C:\\server\\Apache24\\htdocs\\ejercicio\\index.php on line 24
[Tue Feb 28 14:27:57.097587 2023] [php:error] [pid 9032:tid 1268] [client ::1:52004] PHP Fatal error:  Uncaught Error: Undefined constant "TITLE" in C:\\server\\Apache24\\htdocs\\ejercicio\\index.php:24\nStack trace:\n#0 {main}\n  thrown in C:\\server\\Apache24\\htdocs\\ejercicio\\index.php on line 24
[Tue Feb 28 14:27:57.262612 2023] [php:error] [pid 9032:tid 1268] [client ::1:52004] PHP Fatal error:  Uncaught Error: Undefined constant "TITLE" in C:\\server\\Apache24\\htdocs\\ejercicio\\index.php:24\nStack trace:\n#0 {main}\n  thrown in C:\\server\\Apache24\\htdocs\\ejercicio\\index.php on line 24
[Tue Feb 28 14:29:32.170243 2023] [php:error] [pid 9032:tid 1268] [client ::1:56871] PHP Fatal error:  Uncaught Error: Undefined constant "TITLE" in C:\\server\\Apache24\\htdocs\\ejercicio\\index.php:25\nStack trace:\n#0 {main}\n  thrown in C:\\server\\Apache24\\htdocs\\ejercicio\\index.php on line 25
